* installing *source* package 'miRNADiff' ...
** using staged installation
** R
** byte-compile and prepare package for lazy loading
** help
*** installing help indices
** building package indices
** testing if installed package can be loaded from temporary location
*** arch - i386
Error: package or namespace load failed for 'miRNADiff' in namespaceExport(ns, exports):
 出口不存在：autoAnalyssisByDESeq2AndedgeRTest
错误: loading failed
停止执行
*** arch - x64
Error: package or namespace load failed for 'miRNADiff' in namespaceExport(ns, exports):
 出口不存在：autoAnalyssisByDESeq2AndedgeRTest
错误: loading failed
停止执行
ERROR: loading failed for 'i386', 'x64'
* removing 'F:/Bio/miRNADiff.Rcheck/miRNADiff'
